0 info it worked if it ends with ok
1 verbose cli [ '/usr/bin/nodejs', '/usr/bin/npm', 'run', 'bootstrap' ]
2 info using npm@3.10.8
3 info using node@v6.9.1
4 verbose run-script [ 'prebootstrap', 'bootstrap', 'postbootstrap' ]
5 info lifecycle nodejs@1.0.0~prebootstrap: nodejs@1.0.0
6 silly lifecycle nodejs@1.0.0~prebootstrap: no script for prebootstrap, continuing
7 info lifecycle nodejs@1.0.0~bootstrap: nodejs@1.0.0
8 verbose lifecycle nodejs@1.0.0~bootstrap: unsafe-perm in lifecycle true
9 verbose lifecycle nodejs@1.0.0~bootstrap: PATH: /usr/lib/node_modules/npm/bin/node-gyp-bin:/var/www/html/learn-code/nodejs/node_modules/.bin:/usr/local/sbin:/usr/local/bin:/usr/sbin:/usr/bin:/sbin:/bin:/usr/games:/usr/local/games:/home/noebezerra/bin:JAVA_HOME:JRE_HOME
10 verbose lifecycle nodejs@1.0.0~bootstrap: CWD: /var/www/html/learn-code/nodejs
11 silly lifecycle nodejs@1.0.0~bootstrap: Args: [ '-c', 'knex migrate:latest && knex seed:run' ]
12 silly lifecycle nodejs@1.0.0~bootstrap: Returned: code: 1  signal: null
13 info lifecycle nodejs@1.0.0~bootstrap: Failed to exec bootstrap script
14 verbose stack Error: nodejs@1.0.0 bootstrap: `knex migrate:latest && knex seed:run`
14 verbose stack Exit status 1
14 verbose stack     at EventEmitter.<anonymous> (/usr/lib/node_modules/npm/lib/utils/lifecycle.js:255:16)
14 verbose stack     at emitTwo (events.js:106:13)
14 verbose stack     at EventEmitter.emit (events.js:191:7)
14 verbose stack     at ChildProcess.<anonymous> (/usr/lib/node_modules/npm/lib/utils/spawn.js:40:14)
14 verbose stack     at emitTwo (events.js:106:13)
14 verbose stack     at ChildProcess.emit (events.js:191:7)
14 verbose stack     at maybeClose (internal/child_process.js:877:16)
14 verbose stack     at Process.ChildProcess._handle.onexit (internal/child_process.js:226:5)
15 verbose pkgid nodejs@1.0.0
16 verbose cwd /var/www/html/learn-code/nodejs
17 error Linux 4.4.0-21-generic
18 error argv "/usr/bin/nodejs" "/usr/bin/npm" "run" "bootstrap"
19 error node v6.9.1
20 error npm  v3.10.8
21 error code ELIFECYCLE
22 error nodejs@1.0.0 bootstrap: `knex migrate:latest && knex seed:run`
22 error Exit status 1
23 error Failed at the nodejs@1.0.0 bootstrap script 'knex migrate:latest && knex seed:run'.
23 error Make sure you have the latest version of node.js and npm installed.
23 error If you do, this is most likely a problem with the nodejs package,
23 error not with npm itself.
23 error Tell the author that this fails on your system:
23 error     knex migrate:latest && knex seed:run
23 error You can get information on how to open an issue for this project with:
23 error     npm bugs nodejs
23 error Or if that isn't available, you can get their info via:
23 error     npm owner ls nodejs
23 error There is likely additional logging output above.
24 verbose exit [ 1, true ]
